<?xml version="1.0" encoding="UTF-8"?>
<!-- Generated by org.testng.reporters.JUnitXMLReporter -->
<testsuite ignored="1" hostname="LAPTOP-D8BT2UUL" failures="0" tests="1" name="Default test" time="8.108" errors="0" timestamp="2022-02-20T12:23:13 EST">
  <testcase classname="apiTests.PetStoreAPI_Tests" name="getPetByID" time="7.933"/>
  <testcase classname="apiTests.PetStoreAPI_Tests" name="createAPet" time="0.0">
    <ignored/>
  </testcase> <!-- createAPet -->
</testsuite> <!-- Default test -->
