<?xml version="1.0" encoding="UTF-8"?>
<testng-results ignored="1" total="2" passed="1" failed="0" skipped="0">
  <reporter-output>
  </reporter-output>
  <suite started-at="2022-02-20T12:23:05 EST" name="Default suite" finished-at="2022-02-20T12:23:13 EST" duration-ms="8108">
    <groups>
    </groups>
    <test started-at="2022-02-20T12:23:05 EST" name="Default test" finished-at="2022-02-20T12:23:13 EST" duration-ms="8108">
      <class name="apiTests.PetStoreAPI_Tests">
        <test-method is-config="true" signature="beforeMethod()[pri:0, instance:apiTests.PetStoreAPI_Tests@30ee2816]" started-at="2022-02-20T12:23:05 EST" name="beforeMethod" finished-at="2022-02-20T12:23:05 EST" duration-ms="41" status="PASS">
          <reporter-output>
          </reporter-output>
        </test-method> <!-- beforeMethod -->
        <test-method signature="getPetByID()[pri:0, instance:apiTests.PetStoreAPI_Tests@30ee2816]" started-at="2022-02-20T12:23:05 EST" name="getPetByID" finished-at="2022-02-20T12:23:13 EST" duration-ms="7933" status="PASS">
          <reporter-output>
          </reporter-output>
        </test-method> <!-- getPetByID -->
      </class> <!-- apiTests.PetStoreAPI_Tests -->
    </test> <!-- Default test -->
  </suite> <!-- Default suite -->
</testng-results>
